<?xml version="1.0" encoding="UTF-8"?>
<!-- Generated by org.testng.reporters.JUnitXMLReporter -->
<testsuite ignored="12" hostname="SHITAL" failures="0" tests="1" name="Default test" time="3.072" errors="0" timestamp="2025-03-09T08:34:17 IST">
  <testcase classname="register.Search" name="VerifyNavigationFromsearchPageToProductComparePage" time="0.758"/>
  <testcase classname="register.Search" name="verifyListandGridViewsWhenMultipleProductsAreDisplayed" time="0.0">
    <ignored/>
  </testcase> <!-- verifyListandGridViewsWhenMultipleProductsAreDisplayed -->
  <testcase classname="register.Search" name="VerifySearchBySelectingCategoryOfProduct" time="0.0">
    <ignored/>
  </testcase> <!-- VerifySearchBySelectingCategoryOfProduct -->
  <testcase classname="register.Search" name="VerifySearchPagePlaceholder" time="0.0">
    <ignored/>
  </testcase> <!-- VerifySearchPagePlaceholder -->
  <testcase classname="register.Search" name="VerifysearchingWithoutprovidinganyfunctionality" time="0.0">
    <ignored/>
  </testcase> <!-- VerifysearchingWithoutprovidinganyfunctionality -->
  <testcase classname="register.Search" name="verifysearchingwithanexistingproductname" time="0.0">
    <ignored/>
  </testcase> <!-- verifysearchingwithanexistingproductname -->
  <testcase classname="register.Search" name="verifysearchingwithanonexistingproductname" time="0.0">
    <ignored/>
  </testcase> <!-- verifysearchingwithanonexistingproductname -->
  <testcase classname="register.Search" name="VeriftysearchingforaproductafterlogintotheApplication" time="0.0">
    <ignored/>
  </testcase> <!-- VeriftysearchingforaproductafterlogintotheApplication -->
  <testcase classname="register.Search" name="VerifySearchUsingTheTextFromProductDescription" time="0.0">
    <ignored/>
  </testcase> <!-- VerifySearchUsingTheTextFromProductDescription -->
  <testcase classname="register.Search" name="VerifySearchBySelectingTOSearchInSubCategoryOption" time="0.0">
    <ignored/>
  </testcase> <!-- VerifySearchBySelectingTOSearchInSubCategoryOption -->
  <testcase classname="register.Search" name="VerifySearchigProductsResultsMultipleProduct" time="0.0">
    <ignored/>
  </testcase> <!-- VerifySearchigProductsResultsMultipleProduct -->
  <testcase classname="register.Search" name="VerifyListAndGridFunctionalityWhenOnlyOneProductIsEnteredintoSearchResult" time="0.0">
    <ignored/>
  </testcase> <!-- VerifyListAndGridFunctionalityWhenOnlyOneProductIsEnteredintoSearchResult -->
  <testcase classname="register.Search" name="VerifySearchingCriteriafield" time="0.0">
    <ignored/>
  </testcase> <!-- VerifySearchingCriteriafield -->
</testsuite> <!-- Default test -->
