<?xml version="1.0" encoding="UTF-8"?>
<testng-results ignored="0" total="1" passed="1" failed="0" skipped="0">
  <reporter-output>
  </reporter-output>
  <suite started-at="2025-03-09T08:34:14 IST" name="Default suite" finished-at="2025-03-09T08:34:17 IST" duration-ms="3072">
    <groups>
    </groups>
    <test started-at="2025-03-09T08:34:14 IST" name="Default test" finished-at="2025-03-09T08:34:17 IST" duration-ms="3072">
      <class name="register.Search">
        <test-method is-config="true" signature="Setup()[pri:0, instance:register.Search@7b2bbc3]" started-at="2025-03-09T08:34:14 IST" name="Setup" finished-at="2025-03-09T08:34:16 IST" duration-ms="2086" status="PASS">
          <reporter-output>
          </reporter-output>
        </test-method> <!-- Setup -->
        <test-method signature="VerifyNavigationFromsearchPageToProductComparePage()[pri:13, instance:register.Search@7b2bbc3]" started-at="2025-03-09T08:34:16 IST" name="VerifyNavigationFromsearchPageToProductComparePage" finished-at="2025-03-09T08:34:17 IST" duration-ms="758" status="PASS">
          <reporter-output>
          </reporter-output>
        </test-method> <!-- VerifyNavigationFromsearchPageToProductComparePage -->
        <test-method is-config="true" signature="teardown()[pri:0, instance:register.Search@7b2bbc3]" started-at="2025-03-09T08:34:17 IST" name="teardown" finished-at="2025-03-09T08:34:17 IST" duration-ms="183" status="PASS">
          <reporter-output>
          </reporter-output>
        </test-method> <!-- teardown -->
      </class> <!-- register.Search -->
    </test> <!-- Default test -->
  </suite> <!-- Default suite -->
</testng-results>
